c:\users\onullr\documents\coding\null external\source\roblox external\x64\release\imgui.obj
c:\users\onullr\documents\coding\null external\source\roblox external\x64\release\esp.obj
c:\users\onullr\documents\coding\null external\source\roblox external\x64\release\imgui_widgets.obj
c:\users\onullr\documents\coding\null external\source\roblox external\x64\release\imgui_impl_win32.obj
c:\users\onullr\documents\coding\null external\source\roblox external\x64\release\main.obj
c:\users\onullr\documents\coding\null external\source\roblox external\x64\release\driver.obj
c:\users\onullr\documents\coding\null external\source\roblox external\x64\release\imgui_draw.obj
c:\users\onullr\documents\coding\null external\source\roblox external\x64\release\imgui_impl_dx11.obj
c:\users\onullr\documents\coding\null external\source\roblox external\x64\release\imgui_tables.obj
c:\users\onullr\documents\coding\null external\source\roblox external\x64\release\imgui_demo.obj
c:\users\onullr\documents\coding\null external\source\roblox external\x64\release\menu.obj
c:\users\onullr\documents\coding\null external\source\roblox external\x64\release\aimbot.obj
c:\users\onullr\documents\coding\null external\source\roblox external\x64\release\overlay.obj
c:\users\onullr\documents\coding\null external\source\roblox external\x64\release\console.obj
c:\users\onullr\documents\coding\null external\source\roblox external\x64\release\roblox.obj
c:\users\onullr\documents\coding\null external\source\roblox external\x64\release\vc143.pdb
c:\users\onullr\documents\coding\null external\source\x64\release\roblox external.exe
c:\users\onullr\documents\coding\null external\source\x64\release\roblox external.pdb
c:\users\onullr\documents\coding\null external\source\roblox external\x64\release\roblox external.ipdb
c:\users\onullr\documents\coding\null external\source\roblox external\x64\release\roblox external.iobj
c:\users\onullr\documents\coding\null external\source\roblox external\x64\release\roblox external.tlog\cl.command.1.tlog
c:\users\onullr\documents\coding\null external\source\roblox external\x64\release\roblox external.tlog\cl.items.tlog
c:\users\onullr\documents\coding\null external\source\roblox external\x64\release\roblox external.tlog\cl.read.1.tlog
c:\users\onullr\documents\coding\null external\source\roblox external\x64\release\roblox external.tlog\cl.write.1.tlog
c:\users\onullr\documents\coding\null external\source\roblox external\x64\release\roblox external.tlog\link.command.1.tlog
c:\users\onullr\documents\coding\null external\source\roblox external\x64\release\roblox external.tlog\link.read.1.tlog
c:\users\onullr\documents\coding\null external\source\roblox external\x64\release\roblox external.tlog\link.secondary.1.tlog
c:\users\onullr\documents\coding\null external\source\roblox external\x64\release\roblox external.tlog\link.write.1.tlog
